<?xml version="1.0" encoding="UTF-8"?>
<!-- Generated by org.testng.reporters.JUnitXMLReporter -->
<testsuite ignored="8" hostname="SHUBHAMB-IND-C" failures="0" tests="2" name="Test" time="35.368" errors="0" timestamp="2023-04-13T23:41:37 IST">
  <testcase classname="SocialMediaAutomation.tests.SMATestCasesYouTube" name="YouTube_C100Open_Youtube_and_Verify" time="9.664"/>
  <testcase classname="SocialMediaAutomation.tests.SMATestCasesYouTube" name="YouTube_C100Open_Youtube_and_Verify" time="10.41"/>
  <testcase classname="SocialMediaAutomation.tests.SMATestCasesYouTube" name="YouTube_C105Skip_Youtube_Ad_if_skippable" time="0.0">
    <ignored/>
  </testcase> <!-- YouTube_C105Skip_Youtube_Ad_if_skippable -->
  <testcase classname="SocialMediaAutomation.tests.SMATestCasesYouTube" name="YouTube_C103Check_Youtube_Functionalities_Pause" time="0.0">
    <ignored/>
  </testcase> <!-- YouTube_C103Check_Youtube_Functionalities_Pause -->
  <testcase classname="SocialMediaAutomation.tests.SMATestCasesYouTube" name="YouTube_C101Search_Text_on_Youtube_and_Verify_Results" time="0.0">
    <ignored/>
  </testcase> <!-- YouTube_C101Search_Text_on_Youtube_and_Verify_Results -->
  <testcase classname="SocialMediaAutomation.tests.SMATestCasesYouTube" name="YouTube_C108Verify_Whatspp_Fb_and_Twitter_Logo" time="0.0">
    <ignored/>
  </testcase> <!-- YouTube_C108Verify_Whatspp_Fb_and_Twitter_Logo -->
  <testcase classname="SocialMediaAutomation.tests.SMATestCasesYouTube" name="YouTube_C106Copy_Url_and_Verify_if_Copied" time="0.0">
    <ignored/>
  </testcase> <!-- YouTube_C106Copy_Url_and_Verify_if_Copied -->
  <testcase classname="SocialMediaAutomation.tests.SMATestCasesYouTube" name="YouTube_C102Click_on_First_Displayed_Video" time="0.0">
    <ignored/>
  </testcase> <!-- YouTube_C102Click_on_First_Displayed_Video -->
  <testcase classname="SocialMediaAutomation.tests.SMATestCasesYouTube" name="YouTube_C104Check_Youtube_Functionalities_Volume" time="0.0">
    <ignored/>
  </testcase> <!-- YouTube_C104Check_Youtube_Functionalities_Volume -->
  <testcase classname="SocialMediaAutomation.tests.SMATestCasesYouTube" name="YouTube_C107Save_Copied_Text_in_a_File" time="0.0">
    <ignored/>
  </testcase> <!-- YouTube_C107Save_Copied_Text_in_a_File -->
</testsuite> <!-- Test -->
